<?xml version="1.0" encoding="UTF-8"?>
<!-- Generated by org.testng.reporters.JUnitReportReporter -->
<testsuite hostname="DESKTOP-UTHA6H3" failures="0" tests="1" name="com.qa.testcases.AdminPageTest" time="23.597" errors="0" timestamp="13 Feb 2024 10:24:26 GMT" skipped="0">
  <testcase classname="com.qa.testcases.AdminPageTest" name="addNewADminForm" time="23.597"/>
</testsuite> <!-- com.qa.testcases.AdminPageTest -->
