<?xml version="1.0" encoding="UTF-8"?>
<!-- Generated by org.testng.reporters.JUnitReportReporter -->
<testsuite hostname="DESKTOP-UTHA6H3" failures="0" tests="3" name="com.qa.util.TestUtil" time="0.009" errors="0" timestamp="14 Feb 2024 12:20:21 GMT" skipped="0">
  <testcase classname="com.qa.util.TestUtil" name="fillForm" time="0.001"/>
  <testcase classname="com.qa.util.TestUtil" name="fillForm" time="0.001"/>
  <testcase classname="com.qa.util.TestUtil" name="fillForm" time="0.007"/>
</testsuite> <!-- com.qa.util.TestUtil -->
