<?xml version="1.0" encoding="UTF-8"?>
<!-- Generated by org.testng.reporters.JUnitReportReporter -->
<testsuite hostname="DESKTOP-UTHA6H3" failures="0" tests="1" name="myMavenProject.myMavenProject.NewTest" time="8.533" errors="0" timestamp="2024-02-02T18:38:34 IST" skipped="0">
  <testcase classname="myMavenProject.myMavenProject.NewTest" name="f" time="8.533"/>
</testsuite> <!-- myMavenProject.myMavenProject.NewTest -->
